commit db9c760ee7e7d1c90bc94d96c5528054a98ee75d
Author: Benjamin Elder <bentheelder@google.com>
Date:   Tue Oct 4 16:47:25 2022 -0700

    remove clearly unnecessary lingering BUILD file references

commit 04c2b1fbdc1289c9a72eda87cf7072346e60d241
Author: Tim Hockin <thockin@google.com>
Date:   Thu May 7 19:34:58 2020 -0700

    Purge almost all memories of godep

commit 6d64d0610cae5a4d3738f19e6d568687a5955f0c
Author: Daniel Schmidt <danielmschmidt92@gmail.com>
Date:   Thu Jul 18 14:41:26 2019 +0200

    fix path to prow size plugin

commit e9657382448092a48d5994243d8d709ea868b405
Author: Lubomir I. Ivanov <lubomirivanov@vmware.com>
Date:   Mon Feb 11 02:54:45 2019 +0200

    generated_files: remove line about /docs/.generated_docs

commit 9229399bd6049bc7766829b436d5cb5fe0dfe2f1
Author: Jordan Liggitt <liggitt@google.com>
Date:   Tue Jan 15 10:44:36 2019 -0500

    Remove build/verify scripts for swagger 1.2 API docs, API server swagger ui / swagger 1.2 config

commit 93ea01663f983e8111f509effe57279dd3f86ed8
Author: Phillip Wittrock <pwittroc@google.com>
Date:   Thu Feb 16 10:11:57 2017 -0800

    Move .generated_docs to docs/ so docs OWNERS can review / approve

commit 69323c3c3931d1ff0473b50e8c2a1d04d88e5b4d
Author: Tim Hockin <thockin@google.com>
Date:   Tue Nov 15 15:46:03 2016 -0800

    List generated files for the github size munger
    
    This list used to exist in the github munger tree, but that tool should be more
    generic.  This needs to live near the code.
