commit b0c17b124f8d8a8f3d7f8bdad5dcb92cf47a3390
Author: cpanato <ctadeu@gmail.com>
Date:   Mon Sep 2 10:26:49 2024 -0600

    Bump images, dependencies and versions to go 1.23.0
    
    Signed-off-by: cpanato <ctadeu@gmail.com>

commit d1dfeed505127d25d724b736091b6566c0bac483
Author: ArkaSaha30 <arkasaha30@gmail.com>
Date:   Mon Jul 29 13:55:03 2024 +0530

    Revert "Bump images, dependencies and versions to go 1.23rc1"
    
    This reverts commit 5c269fecf8010391c1d960eef79895085c978747.

commit c203b120c00c7418fe2dd9a09767de98d27e9870
Author: ArkaSaha30 <arkasaha30@gmail.com>
Date:   Mon Jul 29 13:54:16 2024 +0530

    Revert "Bump images, dependencies and versions to go 1.23rc2"
    
    This reverts commit 9d5a7ff85984f98b3000dc507dcbe5e54ba810a0.

commit 9d5a7ff85984f98b3000dc507dcbe5e54ba810a0
Author: cpanato <ctadeu@gmail.com>
Date:   Fri Jul 19 11:33:13 2024 +0200

    Bump images, dependencies and versions to go 1.23rc2
    
    Signed-off-by: cpanato <ctadeu@gmail.com>

commit 5c269fecf8010391c1d960eef79895085c978747
Author: cpanato <ctadeu@gmail.com>
Date:   Fri Jul 12 10:15:15 2024 +0200

    Bump images, dependencies and versions to go 1.23rc1
    
    Signed-off-by: cpanato <ctadeu@gmail.com>

commit 0e9308f3bccf47a7430c5b7252e3ccd427d4668d
Author: cpanato <ctadeu@gmail.com>
Date:   Thu Jul 4 16:34:18 2024 +0200

    Bump images, dependencies and versions to go 1.22.5 and distroless iptables
    
    Signed-off-by: cpanato <ctadeu@gmail.com>

commit a3b193c6e95d76b8a60ff59c38d0e615f2405dc3
Author: cpanato <ctadeu@gmail.com>
Date:   Thu Jun 6 18:13:03 2024 +0200

    [go] Bump images, dependencies and versions to go 1.22.4 and distroless iptables/setcap/debian-base
    
    Signed-off-by: cpanato <ctadeu@gmail.com>

commit 30efae7c8bbc8ad5c863bc4d62d40f8b98657192
Author: cpanato <ctadeu@gmail.com>
Date:   Sun May 12 15:05:26 2024 +0200

    [go] Bump images, dependencies and versions to go 1.22.3 and distroless iptables
    
    Signed-off-by: cpanato <ctadeu@gmail.com>

commit 1366f1f4470a3e198022d13076f544d717802a6d
Author: cpanato <ctadeu@gmail.com>
Date:   Fri Apr 5 14:27:57 2024 +0200

    [go] Bump images, dependencies and versions to go 1.22.2 and distroless iptables
    
    Signed-off-by: cpanato <ctadeu@gmail.com>

commit 70221e8405e8d58273a06fc81554c3fceb717b43
Author: cpanato <ctadeu@gmail.com>
Date:   Wed Mar 6 07:20:42 2024 -0500

    [go] Bump images, dependencies and versions to go 1.22.1 and distroless iptables
    
    Signed-off-by: cpanato <ctadeu@gmail.com>

commit eec508e488f6bfac94cf68d039e19fe7dabba7b0
Author: cpanato <ctadeu@gmail.com>
Date:   Fri Feb 9 14:47:56 2024 +0100

    use patch number
    
    Signed-off-by: cpanato <ctadeu@gmail.com>

commit ddb0b8da9dbcd3d507001c5cf8a01708816f3cd5
Author: cpanato <ctadeu@gmail.com>
Date:   Fri Feb 9 14:43:34 2024 +0100

    [go] Bump images, dependencies and versions to go 1.22
    
    Signed-off-by: cpanato <ctadeu@gmail.com>

commit ee86ca9f13b268edf9e6b612e349a5d95551595e
Author: cpanato <ctadeu@gmail.com>
Date:   Sat Jan 27 14:47:03 2024 +0100

    [go] Bump images, dependencies and versions to go 1.22rc2
    
    Signed-off-by: cpanato <ctadeu@gmail.com>

commit c9991e427049784cc0838947c103dabf7973c26c
Author: cpanato <ctadeu@gmail.com>
Date:   Sat Jan 20 10:30:48 2024 +0100

    [go] Bump images, dependencies and versions to go 1.22rc1
    
    Signed-off-by: cpanato <ctadeu@gmail.com>

commit a5861a1262666573d074108f6259c1ac5cf61019
Author: cpanato <ctadeu@gmail.com>
Date:   Thu Jan 11 10:24:54 2024 +0100

    [go] Bump images, dependencies and versions to go 1.21.6 and distroless iptables to 0.4.4
    
    Signed-off-by: cpanato <ctadeu@gmail.com>

commit 1c1347a3e71e904eb768f5d2c99bacf1400d0a94
Author: Marko Mudrinić <mudrinic.mare@gmail.com>
Date:   Wed Dec 6 10:33:34 2023 +0100

    [go] Bump images, dependencies and versions to go 1.21.5
    
    Signed-off-by: Marko Mudrinić <mudrinic.mare@gmail.com>

commit 88e124ecaa4daacfde355ed61a4490aa849fc35c
Author: cpanato <ctadeu@gmail.com>
Date:   Wed Nov 8 08:25:30 2023 -0600

    [go] Bump images, dependencies and versions to go 1.21.4
    
    Signed-off-by: cpanato <ctadeu@gmail.com>

commit 5eb7fea38346c4f2b66ea7eafa3e3aa7a9a85516
Author: cpanato <ctadeu@gmail.com>
Date:   Wed Oct 11 17:08:26 2023 +0200

    [go] Bump images, dependencies and versions to go 1.21.3
    
    Signed-off-by: cpanato <ctadeu@gmail.com>

commit 619abfec70a3f7f084d7f340f81233a97a67b4f8
Author: cpanato <ctadeu@gmail.com>
Date:   Fri Oct 6 15:18:34 2023 +0200

    [go] Bump images, dependencies and versions to go 1.21.2
    
    Signed-off-by: cpanato <ctadeu@gmail.com>

commit 98af8befe27420950b88fd34407ec3e7ccf5b4cf
Author: cpanato <ctadeu@gmail.com>
Date:   Thu Sep 7 14:56:56 2023 +0200

    [go] Bump images, dependencies and versions to go 1.21.1
    
    Signed-off-by: cpanato <ctadeu@gmail.com>

commit 67858e1ff065da0e29839826ed8cee5dacf48fb6
Author: cpanato <ctadeu@gmail.com>
Date:   Fri Jun 30 11:08:58 2023 +0200

    Bump images, dependencies and versions to go 1.21.0
    
    Signed-off-by: cpanato <ctadeu@gmail.com>

commit 72c8cf9fce7e7dee134f2534262c54b7ef090ea8
Author: Jeremy Rickard <jeremyrrickard@gmail.com>
Date:   Mon Aug 7 13:25:59 2023 -0600

    [go] Bump images, versions and deps to use Go 1.20.7
    
    Signed-off-by: Jeremy Rickard <jeremyrrickard@gmail.com>

commit 69c4bc29f5539f5f61dceb035d568bc37708afaf
Author: Marko Mudrinić <mudrinic.mare@gmail.com>
Date:   Fri Jul 14 12:04:13 2023 +0200

    [go] Bump images, versions and deps to use Go 1.20.6
    
    Signed-off-by: Marko Mudrinić <mudrinic.mare@gmail.com>

commit d9e12db547e089925cde03c472c33dceaee6e164
Author: Jeremy Rickard <jeremyrrickard@gmail.com>
Date:   Tue Jun 6 07:36:05 2023 -0600

    Bump images, versions and deps to use Go 1.20.5
    
    Signed-off-by: Jeremy Rickard <jeremyrrickard@gmail.com>

commit 19885264f3de797da3d4f7fa46104af77eaeb5ec
Author: Marko Mudrinić <mudrinic.mare@gmail.com>
Date:   Wed May 3 12:22:23 2023 +0200

    [go] Bump images, dependencies and versions to go 1.20.4
    
    Signed-off-by: Marko Mudrinić <mudrinic.mare@gmail.com>

commit 2a69edb43de2f33dd967bcf3b3a013d239a15c51
Author: Marko Mudrinić <mudrinic.mare@gmail.com>
Date:   Wed Apr 5 23:46:34 2023 +0200

    [go] Bump images, dependencies and versions to go 1.20.3
    
    Signed-off-by: Marko Mudrinić <mudrinic.mare@gmail.com>

commit 99c80ac1193f4f1dea3e8bd1e647892bd950e2ad
Author: cpanato <ctadeu@gmail.com>
Date:   Thu Mar 9 09:57:45 2023 +0100

    [go] Bump images, dependencies and versions to go 1.20.2

commit 65230338adf88c31629826123d326c121e23a59e
Author: cpanato <ctadeu@gmail.com>
Date:   Thu Feb 16 13:38:32 2023 +0100

    [go] Bump images, dependencies and versions to go 1.20.1
    
    Signed-off-by: cpanato <ctadeu@gmail.com>

commit b9ddf07a75e728cd28582089ded406e5c15c90d3
Author: cpanato <ctadeu@gmail.com>
Date:   Thu Dec 15 11:40:33 2022 +0100

    [go] Bump images, dependencies and versions to go 1.20
    
    Signed-off-by: cpanato <ctadeu@gmail.com>

commit eb38f1508a83ef40cb2c9141691e8b1b08ed1705
Author: cpanato <ctadeu@gmail.com>
Date:   Thu Jan 12 13:43:57 2023 +0100

    releng: Update images, dependencies and version to Go 1.19.5
    
    Signed-off-by: cpanato <ctadeu@gmail.com>

commit 5f69c046294f74070a2f4a90e50f71fdac96cabd
Author: Jordan Liggitt <liggitt@google.com>
Date:   Thu Dec 22 11:43:23 2022 -0500

    Add .go-version file containing build go version
